  [1m[35m (6.1ms)[0m  [1m[35mCREATE DATABASE `protospace_174_homerun_development` DEFAULT CHARACTER SET `utf8`[0m
  [1m[35m (1.6ms)[0m  [1m[35mCREATE DATABASE `protospace_174_homerun_test` DEFAULT CHARACTER SET `utf8`[0m
  [1m[35m (55.5ms)[0m  [1m[35mCREATE TABLE `schema_migrations` (`version` varchar(255) NOT NULL PRIMARY KEY)[0m
  [1m[35m (11.8ms)[0m  [1m[35mCREATE TABLE `ar_internal_metadata` (`key` varchar(255) NOT NULL PRIMARY KEY, `value` varchar(255), `created_at` datetime(6) NOT NULL, `updated_at` datetime(6) NOT NULL)[0m
  [1m[35m (1.2ms)[0m  [1m[34mSELECT GET_LOCK('7419351226886253795', 0)[0m
  [1m[36mActiveRecord::SchemaMigration Pluck (1.2ms)[0m  [1m[34mSELECT `schema_migrations`.`version` FROM `schema_migrations` ORDER BY `schema_migrations`.`version` ASC[0m
Migrating to DeviseCreateUsers (20240619073946)
  [1m[35m (10.3ms)[0m  [1m[35mCREATE TABLE `users` (`id` bigint NOT NULL AUTO_INCREMENT PRIMARY KEY, `email` varchar(255) DEFAULT '' NOT NULL, `encrypted_password` varchar(255) DEFAULT '' NOT NULL, `reset_password_token` varchar(255), `reset_password_sent_at` datetime(6), `remember_created_at` datetime(6), `created_at` datetime(6) NOT NULL, `updated_at` datetime(6) NOT NULL)[0m
  [1m[35m (31.7ms)[0m  [1m[35mCREATE UNIQUE INDEX `index_users_on_email` ON `users` (`email`)[0m
  [1m[35m (10.8ms)[0m  [1m[35mCREATE UNIQUE INDEX `index_users_on_reset_password_token` ON `users` (`reset_password_token`)[0m
  [1m[36mTRANSACTION (0.1ms)[0m  [1m[35mBEGIN[0m
  [1m[36mActiveRecord::SchemaMigration Create (1.8ms)[0m  [1m[32mINSERT INTO `schema_migrations` (`version`) VALUES ('20240619073946')[0m
  [1m[36mTRANSACTION (0.2ms)[0m  [1m[35mCOMMIT[0m
  [1m[36mActiveRecord::InternalMetadata Load (0.3ms)[0m  [1m[34mSELECT `ar_internal_metadata`.* FROM `ar_internal_metadata` WHERE `ar_internal_metadata`.`key` = 'environment' LIMIT 1[0m
  [1m[36mTRANSACTION (0.2ms)[0m  [1m[35mBEGIN[0m
  [1m[36mActiveRecord::InternalMetadata Create (1.0ms)[0m  [1m[32mINSERT INTO `ar_internal_metadata` (`key`, `value`, `created_at`, `updated_at`) VALUES ('environment', 'development', '2024-06-19 07:42:23.873733', '2024-06-19 07:42:23.873733')[0m
  [1m[36mTRANSACTION (0.3ms)[0m  [1m[35mCOMMIT[0m
  [1m[35m (0.4ms)[0m  [1m[34mSELECT RELEASE_LOCK('7419351226886253795')[0m
  [1m[36mActiveRecord::SchemaMigration Pluck (3.9ms)[0m  [1m[34mSELECT `schema_migrations`.`version` FROM `schema_migrations` ORDER BY `schema_migrations`.`version` ASC[0m
  [1m[35m (0.5ms)[0m  [1m[34mSELECT GET_LOCK('7419351226886253795', 0)[0m
  [1m[36mActiveRecord::SchemaMigration Pluck (2.1ms)[0m  [1m[34mSELECT `schema_migrations`.`version` FROM `schema_migrations` ORDER BY `schema_migrations`.`version` ASC[0m
Migrating to AddUserToUsers (20240619075720)
  [1m[35m (44.1ms)[0m  [1m[35mALTER TABLE `users` ADD `user` varchar(255)[0m
  [1m[36mTRANSACTION (0.1ms)[0m  [1m[35mBEGIN[0m
  [1m[36mActiveRecord::SchemaMigration Create (1.6ms)[0m  [1m[32mINSERT INTO `schema_migrations` (`version`) VALUES ('20240619075720')[0m
  [1m[36mTRANSACTION (3.5ms)[0m  [1m[35mCOMMIT[0m
  [1m[36mActiveRecord::InternalMetadata Load (0.4ms)[0m  [1m[34mSELECT `ar_internal_metadata`.* FROM `ar_internal_metadata` WHERE `ar_internal_metadata`.`key` = 'environment' LIMIT 1[0m
  [1m[35m (0.4ms)[0m  [1m[34mSELECT RELEASE_LOCK('7419351226886253795')[0m
  [1m[36mActiveRecord::SchemaMigration Pluck (4.2ms)[0m  [1m[34mSELECT `schema_migrations`.`version` FROM `schema_migrations` ORDER BY `schema_migrations`.`version` ASC[0m
  [1m[35m (0.3ms)[0m  [1m[34mSELECT GET_LOCK('7419351226886253795', 0)[0m
  [1m[36mActiveRecord::SchemaMigration Pluck (5.7ms)[0m  [1m[34mSELECT `schema_migrations`.`version` FROM `schema_migrations` ORDER BY `schema_migrations`.`version` ASC[0m
Migrating to AddProfileToUsers (20240619081611)
  [1m[35m (107.8ms)[0m  [1m[35mALTER TABLE `users` ADD `profile` text[0m
  [1m[36mTRANSACTION (0.1ms)[0m  [1m[35mBEGIN[0m
  [1m[36mActiveRecord::SchemaMigration Create (4.6ms)[0m  [1m[32mINSERT INTO `schema_migrations` (`version`) VALUES ('20240619081611')[0m
  [1m[36mTRANSACTION (0.3ms)[0m  [1m[35mCOMMIT[0m
  [1m[36mActiveRecord::InternalMetadata Load (0.7ms)[0m  [1m[34mSELECT `ar_internal_metadata`.* FROM `ar_internal_metadata` WHERE `ar_internal_metadata`.`key` = 'environment' LIMIT 1[0m
  [1m[35m (0.3ms)[0m  [1m[34mSELECT RELEASE_LOCK('7419351226886253795')[0m
  [1m[36mActiveRecord::SchemaMigration Pluck (1.7ms)[0m  [1m[34mSELECT `schema_migrations`.`version` FROM `schema_migrations` ORDER BY `schema_migrations`.`version` ASC[0m
  [1m[35m (0.4ms)[0m  [1m[34mSELECT GET_LOCK('7419351226886253795', 0)[0m
  [1m[36mActiveRecord::SchemaMigration Pluck (1.7ms)[0m  [1m[34mSELECT `schema_migrations`.`version` FROM `schema_migrations` ORDER BY `schema_migrations`.`version` ASC[0m
Migrating to AddShozokuToUsers (20240619081841)
  [1m[35m (36.3ms)[0m  [1m[35mALTER TABLE `users` ADD `shozoku` text[0m
  [1m[36mTRANSACTION (0.1ms)[0m  [1m[35mBEGIN[0m
  [1m[36mActiveRecord::SchemaMigration Create (1.6ms)[0m  [1m[32mINSERT INTO `schema_migrations` (`version`) VALUES ('20240619081841')[0m
  [1m[36mTRANSACTION (0.2ms)[0m  [1m[35mCOMMIT[0m
  [1m[36mActiveRecord::InternalMetadata Load (0.5ms)[0m  [1m[34mSELECT `ar_internal_metadata`.* FROM `ar_internal_metadata` WHERE `ar_internal_metadata`.`key` = 'environment' LIMIT 1[0m
  [1m[35m (0.3ms)[0m  [1m[34mSELECT RELEASE_LOCK('7419351226886253795')[0m
  [1m[36mActiveRecord::SchemaMigration Pluck (1.4ms)[0m  [1m[34mSELECT `schema_migrations`.`version` FROM `schema_migrations` ORDER BY `schema_migrations`.`version` ASC[0m
  [1m[35m (0.4ms)[0m  [1m[34mSELECT GET_LOCK('7419351226886253795', 0)[0m
  [1m[36mActiveRecord::SchemaMigration Pluck (2.3ms)[0m  [1m[34mSELECT `schema_migrations`.`version` FROM `schema_migrations` ORDER BY `schema_migrations`.`version` ASC[0m
Migrating to AddYakushokuToUsers (20240619082041)
  [1m[35m (52.0ms)[0m  [1m[35mALTER TABLE `users` ADD `yakushouku` text[0m
  [1m[36mTRANSACTION (0.1ms)[0m  [1m[35mBEGIN[0m
  [1m[36mActiveRecord::SchemaMigration Create (1.5ms)[0m  [1m[32mINSERT INTO `schema_migrations` (`version`) VALUES ('20240619082041')[0m
  [1m[36mTRANSACTION (0.5ms)[0m  [1m[35mCOMMIT[0m
  [1m[36mActiveRecord::InternalMetadata Load (0.2ms)[0m  [1m[34mSELECT `ar_internal_metadata`.* FROM `ar_internal_metadata` WHERE `ar_internal_metadata`.`key` = 'environment' LIMIT 1[0m
  [1m[35m (0.4ms)[0m  [1m[34mSELECT RELEASE_LOCK('7419351226886253795')[0m
  [1m[36mActiveRecord::SchemaMigration Pluck (1.2ms)[0m  [1m[34mSELECT `schema_migrations`.`version` FROM `schema_migrations` ORDER BY `schema_migrations`.`version` ASC[0m
Started GET "/users/sign_up" for ::1 at 2024-06-20 11:29:27 +0900
  [1m[36mActiveRecord::SchemaMigration Pluck (2.8ms)[0m  [1m[34mSELECT `schema_migrations`.`version` FROM `schema_migrations` ORDER BY `schema_migrations`.`version` ASC[0m
Processing by Devise::RegistrationsController#new as HTML
  Rendering layout layouts/application.html.erb
  Rendering /Users/apple/.rbenv/versions/3.2.0/lib/ruby/gems/3.2.0/gems/devise-4.9.4/app/views/devise/registrations/new.html.erb within layouts/application
  Rendered /Users/apple/.rbenv/versions/3.2.0/lib/ruby/gems/3.2.0/gems/devise-4.9.4/app/views/devise/shared/_error_messages.html.erb (Duration: 0.7ms | Allocations: 248)
  Rendered /Users/apple/.rbenv/versions/3.2.0/lib/ruby/gems/3.2.0/gems/devise-4.9.4/app/views/devise/shared/_links.html.erb (Duration: 1.4ms | Allocations: 603)
  Rendered /Users/apple/.rbenv/versions/3.2.0/lib/ruby/gems/3.2.0/gems/devise-4.9.4/app/views/devise/registrations/new.html.erb within layouts/application (Duration: 36.3ms | Allocations: 5162)
  Rendered layout layouts/application.html.erb (Duration: 673.6ms | Allocations: 101340)
Completed 200 OK in 763ms (Views: 707.4ms | ActiveRecord: 8.6ms | Allocations: 118341)


Started GET "/users/sign_in" for ::1 at 2024-06-20 11:29:39 +0900
Processing by Devise::SessionsController#new as HTML
  Rendering layout layouts/application.html.erb
  Rendering /Users/apple/.rbenv/versions/3.2.0/lib/ruby/gems/3.2.0/gems/devise-4.9.4/app/views/devise/sessions/new.html.erb within layouts/application
  Rendered /Users/apple/.rbenv/versions/3.2.0/lib/ruby/gems/3.2.0/gems/devise-4.9.4/app/views/devise/shared/_links.html.erb (Duration: 0.6ms | Allocations: 270)
  Rendered /Users/apple/.rbenv/versions/3.2.0/lib/ruby/gems/3.2.0/gems/devise-4.9.4/app/views/devise/sessions/new.html.erb within layouts/application (Duration: 9.2ms | Allocations: 2291)
  Rendered layout layouts/application.html.erb (Duration: 11.7ms | Allocations: 3640)
Completed 200 OK in 52ms (Views: 23.8ms | ActiveRecord: 0.0ms | Allocations: 5660)


Started POST "/users" for ::1 at 2024-06-20 11:30:46 +0900
Processing by Devise::RegistrationsController#create as TURBO_STREAM
  Parameters: {"authenticity_token"=>"[FILTERED]", "user"=>{"email"=>"hawawa@gmail.com", "password"=>"[FILTERED]", "password_confirmation"=>"[FILTERED]"}, "commit"=>"Sign up"}
  [1m[36mTRANSACTION (13.1ms)[0m  [1m[35mBEGIN[0m
  [1m[36mUser Exists? (33.6ms)[0m  [1m[34mSELECT 1 AS one FROM `users` WHERE `users`.`email` = BINARY 'hawawa@gmail.com' LIMIT 1[0m
  [1m[36mTRANSACTION (3.2ms)[0m  [1m[31mROLLBACK[0m
  Rendering layout layouts/application.html.erb
  Rendering /Users/apple/.rbenv/versions/3.2.0/lib/ruby/gems/3.2.0/gems/devise-4.9.4/app/views/devise/registrations/new.html.erb within layouts/application
  Rendered /Users/apple/.rbenv/versions/3.2.0/lib/ruby/gems/3.2.0/gems/devise-4.9.4/app/views/devise/shared/_error_messages.html.erb (Duration: 1.0ms | Allocations: 909)
  Rendered /Users/apple/.rbenv/versions/3.2.0/lib/ruby/gems/3.2.0/gems/devise-4.9.4/app/views/devise/shared/_links.html.erb (Duration: 0.1ms | Allocations: 78)
  Rendered /Users/apple/.rbenv/versions/3.2.0/lib/ruby/gems/3.2.0/gems/devise-4.9.4/app/views/devise/registrations/new.html.erb within layouts/application (Duration: 4.2ms | Allocations: 3136)
  Rendered layout layouts/application.html.erb (Duration: 8.7ms | Allocations: 4432)
Completed 422 Unprocessable Entity in 836ms (Views: 9.1ms | ActiveRecord: 50.0ms | Allocations: 14631)


Started POST "/users" for ::1 at 2024-06-20 11:30:50 +0900
Processing by Devise::RegistrationsController#create as TURBO_STREAM
  Parameters: {"authenticity_token"=>"[FILTERED]", "user"=>{"email"=>"hawawa@gmail.com", "password"=>"[FILTERED]", "password_confirmation"=>"[FILTERED]"}, "commit"=>"Sign up"}
  [1m[36mTRANSACTION (0.5ms)[0m  [1m[35mBEGIN[0m
  [1m[36mUser Exists? (1.8ms)[0m  [1m[34mSELECT 1 AS one FROM `users` WHERE `users`.`email` = BINARY 'hawawa@gmail.com' LIMIT 1[0m
  [1m[36mTRANSACTION (0.3ms)[0m  [1m[31mROLLBACK[0m
  Rendering layout layouts/application.html.erb
  Rendering /Users/apple/.rbenv/versions/3.2.0/lib/ruby/gems/3.2.0/gems/devise-4.9.4/app/views/devise/registrations/new.html.erb within layouts/application
  Rendered /Users/apple/.rbenv/versions/3.2.0/lib/ruby/gems/3.2.0/gems/devise-4.9.4/app/views/devise/shared/_error_messages.html.erb (Duration: 0.7ms | Allocations: 413)
  Rendered /Users/apple/.rbenv/versions/3.2.0/lib/ruby/gems/3.2.0/gems/devise-4.9.4/app/views/devise/shared/_links.html.erb (Duration: 0.2ms | Allocations: 78)
  Rendered /Users/apple/.rbenv/versions/3.2.0/lib/ruby/gems/3.2.0/gems/devise-4.9.4/app/views/devise/registrations/new.html.erb within layouts/application (Duration: 5.3ms | Allocations: 2107)
  Rendered layout layouts/application.html.erb (Duration: 7.9ms | Allocations: 3389)
Completed 422 Unprocessable Entity in 485ms (Views: 8.5ms | ActiveRecord: 2.6ms | Allocations: 9057)


Started POST "/users" for ::1 at 2024-06-20 11:30:59 +0900
Processing by Devise::RegistrationsController#create as TURBO_STREAM
  Parameters: {"authenticity_token"=>"[FILTERED]", "user"=>{"email"=>"hawawa@gmail.com", "password"=>"[FILTERED]", "password_confirmation"=>"[FILTERED]"}, "commit"=>"Sign up"}
  [1m[36mTRANSACTION (0.6ms)[0m  [1m[35mBEGIN[0m
  [1m[36mUser Exists? (2.5ms)[0m  [1m[34mSELECT 1 AS one FROM `users` WHERE `users`.`email` = BINARY 'hawawa@gmail.com' LIMIT 1[0m
  [1m[36mUser Create (14.8ms)[0m  [1m[32mINSERT INTO `users` (`email`, `encrypted_password`, `reset_password_token`, `reset_password_sent_at`, `remember_created_at`, `created_at`, `updated_at`, `user`, `profile`, `shozoku`, `yakushouku`) VALUES ('hawawa@gmail.com', '$2a$12$ch.y3EmzeEA4Sm3enZ78O.hysOPBa5AHMPJRfiPr95ME.1//w/l..', NULL, NULL, NULL, '2024-06-20 02:31:00.197970', '2024-06-20 02:31:00.197970', NULL, NULL, NULL, NULL)[0m
  [1m[36mTRANSACTION (4.5ms)[0m  [1m[35mCOMMIT[0m
Redirected to http://localhost:3000/
Completed 303 See Other in 523ms (ActiveRecord: 22.4ms | Allocations: 7784)


Started GET "/" for ::1 at 2024-06-20 11:31:00 +0900
Processing by Rails::WelcomeController#index as TURBO_STREAM
  Rendering /Users/apple/.rbenv/versions/3.2.0/lib/ruby/gems/3.2.0/gems/railties-7.0.8.4/lib/rails/templates/rails/welcome/index.html.erb
  Rendered /Users/apple/.rbenv/versions/3.2.0/lib/ruby/gems/3.2.0/gems/railties-7.0.8.4/lib/rails/templates/rails/welcome/index.html.erb (Duration: 1.3ms | Allocations: 282)
Completed 200 OK in 4ms (Views: 2.6ms | ActiveRecord: 0.0ms | Allocations: 1056)


Started GET "/" for ::1 at 2024-06-20 11:31:00 +0900
Processing by Rails::WelcomeController#index as HTML
  Rendering /Users/apple/.rbenv/versions/3.2.0/lib/ruby/gems/3.2.0/gems/railties-7.0.8.4/lib/rails/templates/rails/welcome/index.html.erb
  Rendered /Users/apple/.rbenv/versions/3.2.0/lib/ruby/gems/3.2.0/gems/railties-7.0.8.4/lib/rails/templates/rails/welcome/index.html.erb (Duration: 2.3ms | Allocations: 282)
Completed 200 OK in 5ms (Views: 3.7ms | ActiveRecord: 0.0ms | Allocations: 925)


Started POST "/users" for ::1 at 2024-06-20 11:40:07 +0900
Processing by Devise::RegistrationsController#create as TURBO_STREAM
  Parameters: {"authenticity_token"=>"[FILTERED]", "user"=>{"email"=>"hawawa@gmail.com", "password"=>"[FILTERED]", "password_confirmation"=>"[FILTERED]"}, "commit"=>"Sign up"}
  [1m[36mUser Load (23.6ms)[0m  [1m[34mSELECT `users`.* FROM `users` WHERE `users`.`id` = 1 ORDER BY `users`.`id` ASC LIMIT 1[0m
Redirected to http://localhost:3000/
Filter chain halted as :require_no_authentication rendered or redirected
Completed 302 Found in 106ms (ActiveRecord: 41.1ms | Allocations: 5163)


Started GET "/" for ::1 at 2024-06-20 11:40:08 +0900
Processing by Rails::WelcomeController#index as TURBO_STREAM
  Rendering /Users/apple/.rbenv/versions/3.2.0/lib/ruby/gems/3.2.0/gems/railties-7.0.8.4/lib/rails/templates/rails/welcome/index.html.erb
  Rendered /Users/apple/.rbenv/versions/3.2.0/lib/ruby/gems/3.2.0/gems/railties-7.0.8.4/lib/rails/templates/rails/welcome/index.html.erb (Duration: 0.7ms | Allocations: 13)
Completed 200 OK in 3ms (Views: 1.4ms | ActiveRecord: 0.0ms | Allocations: 265)


Started GET "/" for ::1 at 2024-06-20 11:40:08 +0900
Processing by Rails::WelcomeController#index as HTML
  Rendering /Users/apple/.rbenv/versions/3.2.0/lib/ruby/gems/3.2.0/gems/railties-7.0.8.4/lib/rails/templates/rails/welcome/index.html.erb
  Rendered /Users/apple/.rbenv/versions/3.2.0/lib/ruby/gems/3.2.0/gems/railties-7.0.8.4/lib/rails/templates/rails/welcome/index.html.erb (Duration: 0.2ms | Allocations: 13)
Completed 200 OK in 2ms (Views: 0.8ms | ActiveRecord: 0.0ms | Allocations: 217)


Started GET "/users/sign_in" for ::1 at 2024-06-20 11:40:15 +0900
Processing by Devise::SessionsController#new as HTML
  [1m[36mUser Load (2.8ms)[0m  [1m[34mSELECT `users`.* FROM `users` WHERE `users`.`id` = 1 ORDER BY `users`.`id` ASC LIMIT 1[0m
Redirected to http://localhost:3000/
Filter chain halted as :require_no_authentication rendered or redirected
Completed 302 Found in 30ms (ActiveRecord: 2.8ms | Allocations: 2070)


Started GET "/" for ::1 at 2024-06-20 11:40:15 +0900
Processing by Rails::WelcomeController#index as HTML
  Rendering /Users/apple/.rbenv/versions/3.2.0/lib/ruby/gems/3.2.0/gems/railties-7.0.8.4/lib/rails/templates/rails/welcome/index.html.erb
  Rendered /Users/apple/.rbenv/versions/3.2.0/lib/ruby/gems/3.2.0/gems/railties-7.0.8.4/lib/rails/templates/rails/welcome/index.html.erb (Duration: 0.1ms | Allocations: 13)
Completed 200 OK in 1ms (Views: 0.5ms | ActiveRecord: 0.0ms | Allocations: 219)


Started GET "/users/sign_in" for ::1 at 2024-06-20 11:40:15 +0900
Processing by Devise::SessionsController#new as HTML
  [1m[36mUser Load (7.1ms)[0m  [1m[34mSELECT `users`.* FROM `users` WHERE `users`.`id` = 1 ORDER BY `users`.`id` ASC LIMIT 1[0m
Redirected to http://localhost:3000/
Filter chain halted as :require_no_authentication rendered or redirected
Completed 302 Found in 13ms (ActiveRecord: 7.1ms | Allocations: 1895)


Started GET "/" for ::1 at 2024-06-20 11:40:15 +0900
Processing by Rails::WelcomeController#index as HTML
  Rendering /Users/apple/.rbenv/versions/3.2.0/lib/ruby/gems/3.2.0/gems/railties-7.0.8.4/lib/rails/templates/rails/welcome/index.html.erb
  Rendered /Users/apple/.rbenv/versions/3.2.0/lib/ruby/gems/3.2.0/gems/railties-7.0.8.4/lib/rails/templates/rails/welcome/index.html.erb (Duration: 0.1ms | Allocations: 13)
Completed 200 OK in 1ms (Views: 0.4ms | ActiveRecord: 0.0ms | Allocations: 216)


Started GET "/" for ::1 at 2024-06-20 12:20:53 +0900
  [1m[36mActiveRecord::SchemaMigration Pluck (3.4ms)[0m  [1m[34mSELECT `schema_migrations`.`version` FROM `schema_migrations` ORDER BY `schema_migrations`.`version` ASC[0m
Processing by Rails::WelcomeController#index as HTML
  Rendering /Users/apple/.rbenv/versions/3.2.0/lib/ruby/gems/3.2.0/gems/railties-7.0.8.4/lib/rails/templates/rails/welcome/index.html.erb
  Rendered /Users/apple/.rbenv/versions/3.2.0/lib/ruby/gems/3.2.0/gems/railties-7.0.8.4/lib/rails/templates/rails/welcome/index.html.erb (Duration: 1.6ms | Allocations: 489)
Completed 200 OK in 12ms (Views: 3.5ms | ActiveRecord: 0.0ms | Allocations: 4506)


Started GET "/users/sign_in" for ::1 at 2024-06-20 12:21:04 +0900
Processing by Devise::SessionsController#new as HTML
  [1m[36mUser Load (1.4ms)[0m  [1m[34mSELECT `users`.* FROM `users` WHERE `users`.`id` = 1 ORDER BY `users`.`id` ASC LIMIT 1[0m
Redirected to http://localhost:3000/
Filter chain halted as :require_no_authentication rendered or redirected
Completed 302 Found in 62ms (ActiveRecord: 15.0ms | Allocations: 11986)


Started GET "/" for ::1 at 2024-06-20 12:21:04 +0900
Processing by Rails::WelcomeController#index as HTML
  Rendering /Users/apple/.rbenv/versions/3.2.0/lib/ruby/gems/3.2.0/gems/railties-7.0.8.4/lib/rails/templates/rails/welcome/index.html.erb
  Rendered /Users/apple/.rbenv/versions/3.2.0/lib/ruby/gems/3.2.0/gems/railties-7.0.8.4/lib/rails/templates/rails/welcome/index.html.erb (Duration: 1.3ms | Allocations: 272)
Completed 200 OK in 10ms (Views: 7.4ms | ActiveRecord: 0.0ms | Allocations: 912)


Started GET "/users/sign_in" for ::1 at 2024-06-20 12:33:00 +0900
Processing by Devise::SessionsController#new as HTML
  [1m[36mUser Load (23.5ms)[0m  [1m[34mSELECT `users`.* FROM `users` WHERE `users`.`id` = 1 ORDER BY `users`.`id` ASC LIMIT 1[0m
Redirected to http://localhost:3000/
Filter chain halted as :require_no_authentication rendered or redirected
Completed 302 Found in 260ms (ActiveRecord: 40.9ms | Allocations: 2021)


Started GET "/" for ::1 at 2024-06-20 12:33:00 +0900
Processing by Rails::WelcomeController#index as HTML
  Rendering /Users/apple/.rbenv/versions/3.2.0/lib/ruby/gems/3.2.0/gems/railties-7.0.8.4/lib/rails/templates/rails/welcome/index.html.erb
  Rendered /Users/apple/.rbenv/versions/3.2.0/lib/ruby/gems/3.2.0/gems/railties-7.0.8.4/lib/rails/templates/rails/welcome/index.html.erb (Duration: 0.6ms | Allocations: 14)
Completed 200 OK in 6ms (Views: 2.1ms | ActiveRecord: 0.0ms | Allocations: 220)


Started GET "/users/sign_up" for ::1 at 2024-06-20 12:33:06 +0900
Processing by Devise::RegistrationsController#new as HTML
  [1m[36mUser Load (1.2ms)[0m  [1m[34mSELECT `users`.* FROM `users` WHERE `users`.`id` = 1 ORDER BY `users`.`id` ASC LIMIT 1[0m
Redirected to http://localhost:3000/
Filter chain halted as :require_no_authentication rendered or redirected
Completed 302 Found in 9ms (ActiveRecord: 1.2ms | Allocations: 2053)


Started GET "/" for ::1 at 2024-06-20 12:33:06 +0900
Processing by Rails::WelcomeController#index as HTML
  Rendering /Users/apple/.rbenv/versions/3.2.0/lib/ruby/gems/3.2.0/gems/railties-7.0.8.4/lib/rails/templates/rails/welcome/index.html.erb
  Rendered /Users/apple/.rbenv/versions/3.2.0/lib/ruby/gems/3.2.0/gems/railties-7.0.8.4/lib/rails/templates/rails/welcome/index.html.erb (Duration: 0.4ms | Allocations: 13)
Completed 200 OK in 2ms (Views: 1.0ms | ActiveRecord: 0.0ms | Allocations: 216)


Started GET "/users/sign_up" for ::1 at 2024-06-20 12:33:33 +0900
Processing by Devise::RegistrationsController#new as HTML
  [1m[36mUser Load (1.9ms)[0m  [1m[34mSELECT `users`.* FROM `users` WHERE `users`.`id` = 1 ORDER BY `users`.`id` ASC LIMIT 1[0m
Redirected to http://localhost:3000/
Filter chain halted as :require_no_authentication rendered or redirected
Completed 302 Found in 29ms (ActiveRecord: 1.9ms | Allocations: 1901)


Started GET "/" for ::1 at 2024-06-20 12:33:33 +0900
Processing by Rails::WelcomeController#index as HTML
  Rendering /Users/apple/.rbenv/versions/3.2.0/lib/ruby/gems/3.2.0/gems/railties-7.0.8.4/lib/rails/templates/rails/welcome/index.html.erb
  Rendered /Users/apple/.rbenv/versions/3.2.0/lib/ruby/gems/3.2.0/gems/railties-7.0.8.4/lib/rails/templates/rails/welcome/index.html.erb (Duration: 0.2ms | Allocations: 13)
Completed 200 OK in 2ms (Views: 0.8ms | ActiveRecord: 0.0ms | Allocations: 216)


Started GET "/users/sign_up" for ::1 at 2024-06-20 12:33:42 +0900
Processing by Devise::RegistrationsController#new as HTML
  [1m[36mUser Load (1.4ms)[0m  [1m[34mSELECT `users`.* FROM `users` WHERE `users`.`id` = 1 ORDER BY `users`.`id` ASC LIMIT 1[0m
Redirected to http://localhost:3000/
Filter chain halted as :require_no_authentication rendered or redirected
Completed 302 Found in 26ms (ActiveRecord: 1.4ms | Allocations: 1906)


Started GET "/" for ::1 at 2024-06-20 12:33:42 +0900
Processing by Rails::WelcomeController#index as HTML
  Rendering /Users/apple/.rbenv/versions/3.2.0/lib/ruby/gems/3.2.0/gems/railties-7.0.8.4/lib/rails/templates/rails/welcome/index.html.erb
  Rendered /Users/apple/.rbenv/versions/3.2.0/lib/ruby/gems/3.2.0/gems/railties-7.0.8.4/lib/rails/templates/rails/welcome/index.html.erb (Duration: 0.8ms | Allocations: 13)
Completed 200 OK in 4ms (Views: 2.3ms | ActiveRecord: 0.0ms | Allocations: 216)


Started GET "/" for ::1 at 2024-06-20 12:34:06 +0900
Processing by Rails::WelcomeController#index as HTML
  Rendering /Users/apple/.rbenv/versions/3.2.0/lib/ruby/gems/3.2.0/gems/railties-7.0.8.4/lib/rails/templates/rails/welcome/index.html.erb
  Rendered /Users/apple/.rbenv/versions/3.2.0/lib/ruby/gems/3.2.0/gems/railties-7.0.8.4/lib/rails/templates/rails/welcome/index.html.erb (Duration: 0.3ms | Allocations: 13)
Completed 200 OK in 1ms (Views: 0.7ms | ActiveRecord: 0.0ms | Allocations: 217)


Started GET "/tweets/new" for ::1 at 2024-06-20 12:34:15 +0900
  
ActionController::RoutingError (No route matches [GET] "/tweets/new"):
  
Started GET "/" for ::1 at 2024-06-20 12:36:03 +0900
Processing by Rails::WelcomeController#index as HTML
  Rendering /Users/apple/.rbenv/versions/3.2.0/lib/ruby/gems/3.2.0/gems/railties-7.0.8.4/lib/rails/templates/rails/welcome/index.html.erb
  Rendered /Users/apple/.rbenv/versions/3.2.0/lib/ruby/gems/3.2.0/gems/railties-7.0.8.4/lib/rails/templates/rails/welcome/index.html.erb (Duration: 0.6ms | Allocations: 14)
Completed 200 OK in 2ms (Views: 1.2ms | ActiveRecord: 0.0ms | Allocations: 220)


Started GET "/" for ::1 at 2024-06-20 14:12:35 +0900
  [1m[36mActiveRecord::SchemaMigration Pluck (2.8ms)[0m  [1m[34mSELECT `schema_migrations`.`version` FROM `schema_migrations` ORDER BY `schema_migrations`.`version` ASC[0m
Processing by PrototypesController#index as HTML
  Rendering layout layouts/application.html.erb
  Rendering prototypes/index.html.erb within layouts/application
  Rendered prototypes/index.html.erb within layouts/application (Duration: 0.8ms | Allocations: 301)
  Rendered layout layouts/application.html.erb (Duration: 45.2ms | Allocations: 39117)
Completed 200 OK in 57ms (Views: 49.1ms | ActiveRecord: 0.0ms | Allocations: 43311)


Started GET "/" for ::1 at 2024-06-20 14:13:00 +0900
Processing by PrototypesController#index as HTML
  Rendering layout layouts/application.html.erb
  Rendering prototypes/index.html.erb within layouts/application
  Rendered prototypes/index.html.erb within layouts/application (Duration: 1.1ms | Allocations: 108)
  Rendered layout layouts/application.html.erb (Duration: 14.4ms | Allocations: 2264)
Completed 200 OK in 24ms (Views: 20.0ms | ActiveRecord: 0.0ms | Allocations: 3105)


Started GET "/" for ::1 at 2024-06-20 14:30:33 +0900
Processing by PrototypesController#index as HTML
  Rendering layout layouts/application.html.erb
  Rendering prototypes/index.html.erb within layouts/application
  Rendered prototypes/index.html.erb within layouts/application (Duration: 7.4ms | Allocations: 226)
  Rendered layout layouts/application.html.erb (Duration: 174.3ms | Allocations: 37806)
Completed 200 OK in 203ms (Views: 193.5ms | ActiveRecord: 0.0ms | Allocations: 38649)


Started GET "/" for ::1 at 2024-06-20 14:31:03 +0900
  [1m[36mActiveRecord::SchemaMigration Pluck (0.8ms)[0m  [1m[34mSELECT `schema_migrations`.`version` FROM `schema_migrations` ORDER BY `schema_migrations`.`version` ASC[0m
Processing by PrototypesController#index as HTML
  Rendering layout layouts/application.html.erb
  Rendering prototypes/index.html.erb within layouts/application
  Rendered prototypes/index.html.erb within layouts/application (Duration: 0.9ms | Allocations: 423)
  Rendered layout layouts/application.html.erb (Duration: 46.5ms | Allocations: 40433)
Completed 200 OK in 54ms (Views: 48.2ms | ActiveRecord: 0.0ms | Allocations: 44627)


